<?xml version="1.0" encoding="UTF-8"?>
<!-- Generated by org.testng.reporters.JUnitXMLReporter -->
<testsuite ignored="0" hostname="DESKTOP-1J6Q2U8" failures="0" tests="6" name="Test" time="0.067" errors="0" timestamp="2025-05-21T17:48:07 IST">
  <testcase classname="Testcase1" name="Test100" time="0.006"/>
  <testcase classname="Testcase1" name="Test200" time="0.002"/>
  <testcase classname="Testcase1" name="Test300" time="0.001"/>
  <testcase classname="Testcase2" name="Test400" time="0.001"/>
  <testcase classname="Testcase2" name="Test500" time="0.001"/>
  <testcase classname="Testcase2" name="Test600" time="0.001"/>
</testsuite> <!-- Test -->
